[ERROR] PID 81258 (background job wmy): Started at 11:36:58, Ended at 11:51:44, Duration: 0:14:46
[ERROR] PID 45135 (scheduled task 515): Started at 11:37:14, Ended at 11:49:37, Duration: 0:12:23
[ERROR] PID 39547 (scheduled task 051): Started at 11:37:53, Ended at 11:49:22, Duration: 0:11:29
[WARNING] PID 87228 (scheduled task 268): Started at 11:44:25, Ended at 11:53:53, Duration: 0:09:28
[ERROR] PID 70808 (scheduled task 182): Started at 11:44:43, Ended at 12:18:26, Duration: 0:33:43
[WARNING] PID 71766 (scheduled task 074): Started at 11:45:04, Ended at 11:50:51, Duration: 0:05:47
[WARNING] PID 50295 (scheduled task 811): Started at 11:48:45, Ended at 11:55:20, Duration: 0:06:35
[WARNING] PID 27222 (scheduled task 294): Started at 11:50:07, Ended at 11:56:15, Duration: 0:06:08
[ERROR] PID 39860 (scheduled task 460): Started at 11:53:17, Ended at 12:13:09, Duration: 0:19:52
[WARNING] PID 87570 (scheduled task 794): Started at 11:53:57, Ended at 12:01:50, Duration: 0:07:53
[ERROR] PID 85742 (scheduled task 064): Started at 11:55:16, Ended at 12:07:33, Duration: 0:12:17
[ERROR] PID 22003 (scheduled task 004): Started at 11:55:29, Ended at 12:06:42, Duration: 0:11:13
[WARNING] PID 99672 (background job sqm): Started at 11:57:08, Ended at 12:02:21, Duration: 0:05:13
[WARNING] PID 86716 (background job xfg): Started at 11:59:29, Ended at 12:05:03, Duration: 0:05:34
[ERROR] PID 52532 (background job tqc): Started at 12:00:03, Ended at 12:13:56, Duration: 0:13:53
[INCOMPLETE] PID 72029 (scheduled task 333): Started at 12:03:20, Ended at N/A, Duration: N/A
[WARNING] PID 98746 (scheduled task 746): Started at 12:04:18, Ended at 12:11:35, Duration: 0:07:17
[ERROR] PID 23703 (scheduled task 374): Started at 12:04:57, Ended at 12:18:23, Duration: 0:13:26
[ERROR] PID 62401 (scheduled task 936): Started at 12:05:59, Ended at 12:16:23, Duration: 0:10:24
[WARNING] PID 24482 (scheduled task 672): Started at 12:10:38, Ended at 12:19:14, Duration: 0:08:36
[INCOMPLETE] PID 72897 (scheduled task 016): Started at 12:12:27, Ended at N/A, Duration: N/A
